2023-09-06 17:18:25,714 INFO  [Log] Application opened 
2023-09-06 17:18:25,714 INFO  [Log] Application opened 
2023-09-06 17:18:44,273 INFO  [Log] Login completed 
2023-09-06 17:18:44,923 INFO  [Log] Login completed 
2023-09-06 17:18:46,809 INFO  [Log] Logout completed 
2023-09-06 17:18:47,154 INFO  [Log] Logout completed 
2023-09-06 17:19:28,669 INFO  [Log] Application opened 
2023-09-06 17:19:29,188 INFO  [Log] Application opened 
2023-09-06 17:19:35,601 INFO  [Log] Login completed 
2023-09-06 17:19:35,703 INFO  [Log] Login completed 
2023-09-06 17:19:35,996 INFO  [Log] Entered into Frame 
2023-09-06 17:19:35,996 INFO  [Log] Entered into Frame 
2023-09-06 17:20:40,033 INFO  [Log] Application opened 
2023-09-06 17:20:42,729 INFO  [Log] Application opened 
2023-09-06 17:20:46,021 INFO  [Log] Login completed 
2023-09-06 17:20:46,066 INFO  [Log] Entered into Frame 
2023-09-06 17:20:46,231 INFO  [Log] Exite from frame 
2023-09-06 17:20:57,854 INFO  [Log] Login completed 
2023-09-06 17:20:58,337 INFO  [Log] Entered into Frame 
2023-09-06 17:20:58,500 INFO  [Log] Exite from frame 
2023-09-06 17:20:58,669 INFO  [Log] Logout completed 
2023-09-06 17:21:02,983 INFO  [Log] Logout completed 
2023-09-06 17:27:01,815 INFO  [Log] Application opened 
2023-09-06 17:27:06,111 INFO  [Log] Login completed 
2023-09-06 17:27:08,733 INFO  [Log] Logout completed 
2023-09-06 17:27:25,508 INFO  [Log] Application opened 
2023-09-06 17:27:28,954 INFO  [Log] Login completed 
2023-09-06 17:27:29,484 INFO  [Log] Logout completed 
2023-09-06 17:27:47,830 INFO  [Log] Application opened 
2023-09-06 17:27:49,335 INFO  [Log] Login completed 
2023-09-06 17:27:49,399 INFO  [Log] Entered into Frame 
2023-09-06 17:28:01,891 INFO  [Log] Application opened 
2023-09-06 17:28:06,013 INFO  [Log] Login completed 
2023-09-06 17:28:06,037 INFO  [Log] Entered into Frame 
2023-09-06 17:28:06,045 INFO  [Log] Exite from frame 
2023-09-06 17:28:06,337 INFO  [Log] Logout completed 
2023-09-06 17:29:52,584 INFO  [Log] Application opened 
2023-09-06 17:29:54,850 INFO  [Log] Login completed 
2023-09-06 17:29:55,918 INFO  [Log] Logout completed 
2023-09-06 17:30:06,125 INFO  [Log] Application opened 
2023-09-06 17:30:07,914 INFO  [Log] Login completed 
2023-09-06 17:30:07,943 INFO  [Log] Entered into Frame 
2023-09-06 17:30:07,954 INFO  [Log] Exite from frame 
2023-09-06 17:30:08,217 INFO  [Log] Logout completed 
2023-09-06 17:30:20,185 INFO  [Log] Application opened 
2023-09-06 17:30:22,705 INFO  [Log] Login completed 
2023-09-06 17:30:22,763 INFO  [Log] Entered into Frame 
2023-09-06 17:30:22,776 INFO  [Log] Exite from frame 
2023-09-06 17:30:23,070 INFO  [Log] Logout completed 
2023-09-06 17:31:56,810 INFO  [Log] Application opened 
2023-09-06 17:31:57,851 INFO  [Log] Login completed 
2023-09-06 17:31:58,151 INFO  [Log] Logout completed 
2023-09-06 17:32:08,580 INFO  [Log] Application opened 
2023-09-06 17:32:09,626 INFO  [Log] Login completed 
2023-09-06 17:32:09,682 INFO  [Log] Entered into Frame 
2023-09-06 17:32:09,695 INFO  [Log] Exite from frame 
2023-09-06 17:32:10,175 INFO  [Log] Logout completed 
2023-09-06 17:32:20,662 INFO  [Log] Application opened 
2023-09-06 17:32:22,759 INFO  [Log] Login completed 
2023-09-06 17:32:22,805 INFO  [Log] Entered into Frame 
2023-09-06 17:32:22,813 INFO  [Log] Exite from frame 
2023-09-06 17:32:23,083 INFO  [Log] Logout completed 
2023-09-07 15:42:14,980 INFO  [Log] Application opened 
2023-09-07 15:42:23,323 INFO  [Log] Login completed 
2023-09-07 15:42:23,662 INFO  [Log] Logout completed 
2023-09-07 15:42:34,240 INFO  [Log] Application opened 
2023-09-07 15:42:38,592 INFO  [Log] Login completed 
2023-09-07 15:42:38,776 INFO  [Log] Entered into Frame 
2023-09-07 15:42:38,793 INFO  [Log] Exite from frame 
2023-09-07 15:42:39,075 INFO  [Log] Logout completed 
2023-09-07 15:42:49,910 INFO  [Log] Application opened 
2023-09-07 15:42:51,574 INFO  [Log] Login completed 
2023-09-07 15:42:51,614 INFO  [Log] Entered into Frame 
2023-09-07 15:42:51,640 INFO  [Log] Exite from frame 
2023-09-07 15:42:57,135 INFO  [Log] Logout completed 
